********************************************************************************
DUPLICATOR-LITE PACKAGE-LOG: June 25, 2019 7:08 pm
NOTICE: Do NOT post to public sites or forums 
********************************************************************************
VERSION:	1.3.14
WORDPRESS:	5.2.1
PHP INFO:	7.1.27-1+ubuntu16.04.1+deb.sury.org+1 | SAPI: fpm-fcgi
SERVER:		Flywheel/4.1.0 
PHP TIME LIMIT: (0) no time limit imposed 
PHP MAX MEMORY: 4294967296 (256M default) 
MEMORY STACK: 24MB 

********************************************************************************
DATABASE:
********************************************************************************
BUILD MODE:   PHP(query limit - 100)
MYSQLTIMEOUT: 5000
MYSQLDUMP:    Not Supported 
TABLES: total:16 | filtered:0 | create:16 
FILTERED: [] 
SQL CREATED: 20190625_cendeco_c51f3bcfa59b1f431539_20190625190753_database.sql 
SQL FILE SIZE: 1.97MB (2069370) 
SQL FILE TIME: 2019-06-25 19:08:09 
SQL RUNTIME: 0.22 sec. 

******************************************************************************** 
ARCHIVE (ZIP): 
******************************************************************************** 
ARCHIVE DIR:  /www 
ARCHIVE FILE: 20190625_cendeco_c51f3bcfa59b1f431539_20190625190753_archive.zip 
FILTERS: *OFF* 
DIRS:
	not set 
FILES:
	not set 
EXTS:  not set 
---------------------------------------- 
COMPRESSING 
SIZE:	171.86MB 
STATS:	Dirs 1,087 | Files 6,891 
SQL ADDED: 20190625_cendeco_c51f3bcfa59b1f431539_20190625190753_database.sql 
ZipArchive Object
(
    [status] => 0
    [statusSys] => 0
    [numFiles] => 7978
    [filename] => /www/wp-snapshots/tmp/20190625_cendeco_c51f3bcfa59b1f431539_20190625190753_archive.zip
    [comment] => 
)
 
FILE ADDED TO ZIP: 7977 
COMPRESSION RESULT: '1' 
COMPRESSED SIZE: 92.75MB 
ARCHIVE RUNTIME: 12.07 sec. 
MEMORY STACK: 190MB 
building installer 
add_extra_files1 
add_extra_files2 
add_extra_files3 
add_extra_files4 
Doing archive file check 
add_extra_files5 
add_extra_files6 
add_extra_files8 
Successfully opened zip /www/wp-snapshots/tmp/20190625_cendeco_c51f3bcfa59b1f431539_20190625190753_archive.zip 
Adding enhanced installer files to archive using ZipArchive 
Installer files added to archive 
Added to archive 
After ziparchive close when adding installer 

******************************************************************************** 
INTEGRITY CHECKS: 
******************************************************************************** 
SQL FILE: 1.97MB 
INSTALLER FILE: 47.4KB 
ARCHIVE FILE: 94.08MB  
EXPECTED FILE/DIRECTORY COUNT: 7,978 
ACTUAL FILE/DIRECTORY COUNT: 7,977 
ARCHIVE CONSISTENCY TEST: Pass 

********************************************************************************
RECORD ID:[1]
TOTAL PROCESS RUNTIME: 13.08 sec.
PEAK PHP MEMORY USED: 190MB
DONE PROCESSING => 20190625_cendeco June 25, 2019 7:08 pm
 
